#
# There is insufficient memory for the Java Runtime Environment to continue.
# Native memory allocation (malloc) failed to allocate 40816 bytes for Chunk::new
# Possible reasons:
#   The system is out of physical RAM or swap space
#   In 32 bit mode, the process size limit was hit
# Possible solutions:
#   Reduce memory load on the system
#   Increase physical memory or swap space
#   Check if swap backing store is full
#   Use 64 bit Java on a 64 bit OS
#   Decrease Java heap size (-Xmx/-Xms)
#   Decrease number of Java threads
#   Decrease Java thread stack sizes (-Xss)
#   Set larger code cache with -XX:ReservedCodeCacheSize=
# This output file may be truncated or incomplete.
#
#  Out of Memory Error (allocation.cpp:390), pid=14660, tid=0x00000000000012f4
#
# JRE version: OpenJDK Runtime Environment (8.0_152-b01) (build 1.8.0_152-release-915-b01)
# Java VM: OpenJDK 64-Bit Server VM (25.152-b01 mixed mode windows-amd64 compressed oops)
# Failed to write core dump. Minidumps are not enabled by default on client versions of Windows
#

---------------  T H R E A D  ---------------

Current thread (0x0000000002c0d000):  JavaThread "C2 CompilerThread1" daemon [_thread_in_native, id=4852, stack(0x0000000017cd0000,0x0000000017dd0000)]

Stack: [0x0000000017cd0000,0x0000000017dd0000]
[error occurred during error reporting (printing stack bounds), id 0xc0000005]

Native frames: (J=compiled Java code, j=interpreted, Vv=VM code, C=native code)


Current CompileTask:
C2:   4957 1385       4       java.net.URLClassLoader$1::run (5 bytes)


---------------  P R O C E S S  ---------------

Java Threads: ( => current thread )
  0x00000000198da000 JavaThread "File lock request listener" [_thread_in_native, id=8300, stack(0x000000001b2e0000,0x000000001b3e0000)]
  0x000000001952a000 JavaThread "Cache worker for file hash cache (C:\Users\Denis\.gradle\caches\4.4\fileHashes)" [_thread_blocked, id=10940, stack(0x000000001b1e0000,0x000000001b2e0000)]
  0x00000000190fe000 JavaThread "Stdin handler" [_thread_blocked, id=12576, stack(0x000000001aee0000,0x000000001afe0000)]
  0x000000001910c800 JavaThread "Asynchronous log dispatcher for DefaultDaemonConnection: socket connection from /127.0.0.1:23483 to /127.0.0.1:23484" [_thread_blocked, id=11528, stack(0x000000001ade0000,0x000000001aee0000)]
  0x0000000019109800 JavaThread "Daemon worker" [_thread_in_vm, id=2832, stack(0x000000001ace0000,0x000000001ade0000)]
  0x0000000019106000 JavaThread "Cancel handler" [_thread_blocked, id=4956, stack(0x000000001abe0000,0x000000001ace0000)]
  0x00000000194d6000 JavaThread "Handler for socket connection from /127.0.0.1:23483 to /127.0.0.1:23484" [_thread_in_native, id=9640, stack(0x000000001a8e0000,0x000000001a9e0000)]
  0x00000000194c9000 JavaThread "Daemon" [_thread_blocked, id=1652, stack(0x000000001a7e0000,0x000000001a8e0000)]
  0x00000000195d7800 JavaThread "Daemon periodic checks" [_thread_blocked, id=16188, stack(0x000000001a6e0000,0x000000001a7e0000)]
  0x00000000195c9000 JavaThread "Incoming local TCP Connector on port 23483" [_thread_in_native, id=9712, stack(0x000000001a1e0000,0x000000001a2e0000)]
  0x0000000017ed4000 JavaThread "Service Thread" daemon [_thread_blocked, id=1580, stack(0x00000000182d0000,0x00000000183d0000)]
  0x0000000002c0d800 JavaThread "C1 CompilerThread2" daemon [_thread_blocked, id=3884, stack(0x0000000017dd0000,0x0000000017ed0000)]
=>0x0000000002c0d000 JavaThread "C2 CompilerThread1" daemon [_thread_in_native, id=4852, stack(0x0000000017cd0000,0x0000000017dd0000)]
  0x000000001657f000 JavaThread "C2 CompilerThread0" daemon [_thread_blocked, id=4400, stack(0x0000000017bd0000,0x0000000017cd0000)]
  0x000000001657d800 JavaThread "Attach Listener" daemon [_thread_blocked, id=14756, stack(0x0000000017ad0000,0x0000000017bd0000)]
  0x000000001657c800 JavaThread "Signal Dispatcher" daemon [_thread_blocked, id=3164, stack(0x00000000179d0000,0x0000000017ad0000)]
  0x0000000002c06800 JavaThread "Finalizer" daemon [_thread_blocked, id=7252, stack(0x00000000177e0000,0x00000000178e0000)]
  0x0000000002c01000 JavaThread "Reference Handler" daemon [_thread_blocked, id=9228, stack(0x00000000176e0000,0x00000000177e0000)]
  0x0000000002a0d800 JavaThread "main" [_thread_blocked, id=5176, stack(0x0000000002a10000,0x0000000002b10000)]

Other Threads:
  0x0000000016545800 VMThread [stack: 0x00000000175e0000,0x00000000176e0000] [id=5788]
  0x0000000017ed5000 WatcherThread [stack: 0x00000000183d0000,0x00000000184d0000] [id=6720]

VM state:not at safepoint (normal execution)

VM Mutex/Monitor currently owned by a thread: None

Heap:
 PSYoungGen      total 76288K, used 44672K [0x00000000e0000000, 0x00000000e5500000, 0x0000000100000000)
  eden space 65536K, 56% used [0x00000000e0000000,0x00000000e2443650,0x00000000e4000000)
  from space 10752K, 70% used [0x00000000e4000000,0x00000000e475cbc8,0x00000000e4a80000)
  to   space 10752K, 0% used [0x00000000e4a80000,0x00000000e4a80000,0x00000000e5500000)
 ParOldGen       total 175104K, used 16K [0x00000000a0000000, 0x00000000aab00000, 0x00000000e0000000)
  object space 175104K, 0% used [0x00000000a0000000,0x00000000a0004000,0x00000000aab00000)
 Metaspace       used 14324K, capacity 14634K, committed 14720K, reserved 1062912K
  class space    used 1992K, capacity 2125K, committed 2176K, reserved 1048576K

Card table byte_map: [0x0000000011fd0000,0x00000000122e0000] byte_map_base: 0x0000000011ad0000

Marking Bits: (ParMarkBitMap*) 0x00000000512b3950
 Begin Bits: [0x00000000128e0000, 0x00000000140e0000)
 End Bits:   [0x00000000140e0000, 0x00000000158e0000)

Polling page: 0x00000000010d0000

CodeCache: size=245760Kb used=4846Kb max_used=4846Kb free=240913Kb
 bounds [0x0000000002c10000, 0x00000000030d0000, 0x0000000011c10000]
 total_blobs=1757 nmethods=1389 adapters=281
 compilation: enabled

Compilation events (10 events):
Event: 4.903 Thread 0x0000000002c0d800 1387       3       java.lang.reflect.Field::copy (76 bytes)
Event: 4.904 Thread 0x0000000002c0d800 nmethod 1387 0x00000000030cb390 code [0x00000000030cb520, 0x00000000030cb878]
Event: 4.904 Thread 0x0000000002c0d800 1388       3       java.lang.reflect.Field::<init> (44 bytes)
Event: 4.904 Thread 0x0000000002c0d800 nmethod 1388 0x00000000030cb990 code [0x00000000030cbb00, 0x00000000030cbd90]
Event: 4.913 Thread 0x0000000002c0d800 1389       3       java.lang.Math::max (12 bytes)
Event: 4.913 Thread 0x0000000002c0d800 nmethod 1389 0x00000000030cbe90 code [0x00000000030cbfe0, 0x00000000030cc170]
Event: 4.916 Thread 0x0000000002c0d800 1390       3       org.gradle.internal.logging.slf4j.OutputEventListenerBackedLogger::isLevelAtMost (20 bytes)
Event: 4.916 Thread 0x0000000002c0d800 nmethod 1390 0x00000000030cc210 code [0x00000000030cc3a0, 0x00000000030cc808]
Event: 4.916 Thread 0x0000000002c0d800 1391       3       org.gradle.internal.logging.slf4j.OutputEventListenerBackedLoggerContext::getLevel (11 bytes)
Event: 4.916 Thread 0x0000000002c0d800 nmethod 1391 0x00000000030cc990 code [0x00000000030ccb00, 0x00000000030ccdd0]

GC Heap History (2 events):
Event: 4.285 GC heap before
{Heap before GC invocations=1 (full 0):
 PSYoungGen      total 76288K, used 65536K [0x00000000e0000000, 0x00000000e5500000, 0x0000000100000000)
  eden space 65536K, 100% used [0x00000000e0000000,0x00000000e4000000,0x00000000e4000000)
  from space 10752K, 0% used [0x00000000e4a80000,0x00000000e4a80000,0x00000000e5500000)
  to   space 10752K, 0% used [0x00000000e4000000,0x00000000e4000000,0x00000000e4a80000)
 ParOldGen       total 175104K, used 0K [0x00000000a0000000, 0x00000000aab00000, 0x00000000e0000000)
  object space 175104K, 0% used [0x00000000a0000000,0x00000000a0000000,0x00000000aab00000)
 Metaspace       used 10544K, capacity 10856K, committed 11008K, reserved 1058816K
  class space    used 1379K, capacity 1490K, committed 1536K, reserved 1048576K
Event: 4.295 GC heap after
Heap after GC invocations=1 (full 0):
 PSYoungGen      total 76288K, used 7538K [0x00000000e0000000, 0x00000000e5500000, 0x0000000100000000)
  eden space 65536K, 0% used [0x00000000e0000000,0x00000000e0000000,0x00000000e4000000)
  from space 10752K, 70% used [0x00000000e4000000,0x00000000e475cbc8,0x00000000e4a80000)
  to   space 10752K, 0% used [0x00000000e4a80000,0x00000000e4a80000,0x00000000e5500000)
 ParOldGen       total 175104K, used 16K [0x00000000a0000000, 0x00000000aab00000, 0x00000000e0000000)
  object space 175104K, 0% used [0x00000000a0000000,0x00000000a0004000,0x00000000aab00000)
 Metaspace       used 10544K, capacity 10856K, committed 11008K, reserved 1058816K
  class space    used 1379K, capacity 1490K, committed 1536K, reserved 1048576K
}

Deoptimization events (10 events):
Event: 3.336 Thread 0x0000000002a0d800 Uncommon trap: reason=bimorphic action=maybe_recompile pc=0x0000000002f50658 method=java.util.HashMap.putVal(ILjava/lang/Object;Ljava/lang/Object;ZZ)Ljava/lang/Object; @ 203
Event: 3.637 Thread 0x0000000002a0d800 Uncommon trap: reason=unstable_if action=reinterpret pc=0x0000000002ebb89c method=java.io.WinNTFileSystem.normalize(Ljava/lang/String;)Ljava/lang/String; @ 128
Event: 3.637 Thread 0x0000000002a0d800 Uncommon trap: reason=unstable_if action=reinterpret pc=0x0000000002f3c1c0 method=java.io.WinNTFileSystem.normalize(Ljava/lang/String;II)Ljava/lang/String; @ 90
Event: 4.400 Thread 0x00000000194d6000 Uncommon trap: reason=unstable_if action=reinterpret pc=0x0000000002fbdc60 method=java.util.concurrent.ConcurrentHashMap.putVal(Ljava/lang/Object;Ljava/lang/Object;Z)Ljava/lang/Object; @ 206
Event: 4.511 Thread 0x0000000019109800 Uncommon trap: reason=bimorphic action=maybe_recompile pc=0x0000000002f500e8 method=java.util.HashMap.putVal(ILjava/lang/Object;Ljava/lang/Object;ZZ)Ljava/lang/Object; @ 253
Event: 4.511 Thread 0x0000000019109800 Uncommon trap: reason=bimorphic action=maybe_recompile pc=0x0000000002f500e8 method=java.util.HashMap.putVal(ILjava/lang/Object;Ljava/lang/Object;ZZ)Ljava/lang/Object; @ 253
Event: 4.511 Thread 0x0000000019109800 Uncommon trap: reason=bimorphic action=maybe_recompile pc=0x0000000002f577d4 method=java.util.HashMap.putVal(ILjava/lang/Object;Ljava/lang/Object;ZZ)Ljava/lang/Object; @ 253
Event: 4.531 Thread 0x0000000019109800 Uncommon trap: reason=class_check action=maybe_recompile pc=0x0000000002eb6a18 method=java.util.regex.Matcher.match(II)Z @ 86
Event: 4.874 Thread 0x0000000019109800 Uncommon trap: reason=class_check action=maybe_recompile pc=0x0000000002eb6a18 method=java.util.regex.Matcher.match(II)Z @ 86
Event: 4.874 Thread 0x0000000019109800 Uncommon trap: reason=class_check action=maybe_recompile pc=0x0000000002e7b29c method=java.util.regex.Matcher.match(II)Z @ 86

Classes redefined (0 events):
No events

Internal exceptions (10 events):
Event: 4.419 Thread 0x00000000194d6000 Exception <a 'java/lang/NoSuchMethodError': <clinit>> (0x00000000e055ad10) thrown at [D:\src\AOSP-openjdk-cygwin\jdk8u\hotspot\src\share\vm\prims\jni.cpp, line 1613]
Event: 4.422 Thread 0x00000000194d6000 Exception <a 'java/lang/NoSuchMethodError': <clinit>> (0x00000000e0572818) thrown at [D:\src\AOSP-openjdk-cygwin\jdk8u\hotspot\src\share\vm\prims\jni.cpp, line 1613]
Event: 4.423 Thread 0x00000000194d6000 Exception <a 'java/lang/NoSuchMethodError': <clinit>> (0x00000000e057b2e0) thrown at [D:\src\AOSP-openjdk-cygwin\jdk8u\hotspot\src\share\vm\prims\jni.cpp, line 1613]
Event: 4.426 Thread 0x00000000194d6000 Exception <a 'java/lang/NoSuchMethodError': <clinit>> (0x00000000e058c9c8) thrown at [D:\src\AOSP-openjdk-cygwin\jdk8u\hotspot\src\share\vm\prims\jni.cpp, line 1613]
Event: 4.442 Thread 0x00000000194d6000 Exception <a 'java/lang/NoSuchMethodError': <clinit>> (0x00000000e05f2b88) thrown at [D:\src\AOSP-openjdk-cygwin\jdk8u\hotspot\src\share\vm\prims\jni.cpp, line 1613]
Event: 4.446 Thread 0x00000000194d6000 Exception <a 'java/lang/NoSuchMethodError': <clinit>> (0x00000000e0616748) thrown at [D:\src\AOSP-openjdk-cygwin\jdk8u\hotspot\src\share\vm\prims\jni.cpp, line 1613]
Event: 4.449 Thread 0x00000000194d6000 Exception <a 'java/lang/NoSuchMethodError': <clinit>> (0x00000000e06314b0) thrown at [D:\src\AOSP-openjdk-cygwin\jdk8u\hotspot\src\share\vm\prims\jni.cpp, line 1613]
Event: 4.453 Thread 0x00000000194d6000 Exception <a 'java/lang/NoSuchMethodError': <clinit>> (0x00000000e0654ef0) thrown at [D:\src\AOSP-openjdk-cygwin\jdk8u\hotspot\src\share\vm\prims\jni.cpp, line 1613]
Event: 4.484 Thread 0x0000000019109800 Exception <a 'java/lang/NoSuchMethodError': <clinit>> (0x00000000e0747398) thrown at [D:\src\AOSP-openjdk-cygwin\jdk8u\hotspot\src\share\vm\prims\jni.cpp, line 1613]
Event: 4.485 Thread 0x0000000019109800 Exception <a 'java/lang/NoSuchMethodError': <clinit>> (0x00000000e074f620) thrown at [D:\src\AOSP-openjdk-cygwin\jdk8u\hotspot\src\share\vm\prims\jni.cpp, line 1613]

Events (10 events):
Event: 4.948 loading class org/gradle/api/internal/changedetection/state/FileContentSnapshot
Event: 4.948 loading class org/gradle/api/internal/changedetection/state/FileContentSnapshot done
Event: 4.948 loading class org/gradle/internal/resource/ResourceContentMetadataSnapshot
Event: 4.948 loading class org/gradle/internal/resource/ResourceContentMetadataSnapshot done
Event: 4.949 loading class org/gradle/cache/internal/ProducerGuard$AdaptiveProducerGuard
Event: 4.949 loading class org/gradle/cache/internal/ProducerGuard$AdaptiveProducerGuard done
Event: 4.949 loading class org/gradle/cache/internal/ProducerGuard$StripedProducerGuard
Event: 4.949 loading class org/gradle/cache/internal/ProducerGuard$StripedProducerGuard done
Event: 4.949 loading class org/gradle/cache/internal/ProducerGuard$SerialProducerGuard
Event: 4.949 loading class org/gradle/cache/internal/ProducerGuard$SerialProducerGuard done


Dynamic libraries:
0x00007ff73b3e0000 - 0x00007ff73b411000 	W:\programms\AndroidStudio\jre\bin\java.exe
0x00007ffa81870000 - 0x00007ffa81a4b000 	C:\WINDOWS\SYSTEM32\ntdll.dll
0x00007ffa7f540000 - 0x00007ffa7f5ee000 	C:\WINDOWS\System32\KERNEL32.DLL
0x00007ffa7dd60000 - 0x00007ffa7dfaa000 	C:\WINDOWS\System32\KERNELBASE.dll
0x00007ffa7ede0000 - 0x00007ffa7ee81000 	C:\WINDOWS\System32\ADVAPI32.dll
0x00007ffa81600000 - 0x00007ffa8169d000 	C:\WINDOWS\System32\msvcrt.dll
0x00007ffa813a0000 - 0x00007ffa813f9000 	C:\WINDOWS\System32\sechost.dll
0x00007ffa7f290000 - 0x00007ffa7f3b5000 	C:\WINDOWS\System32\RPCRT4.dll
0x00007ffa7f5f0000 - 0x00007ffa7f73a000 	C:\WINDOWS\System32\USER32.dll
0x00007ffa7e180000 - 0x00007ffa7e19e000 	C:\WINDOWS\System32\win32u.dll
0x00007ffa7eda0000 - 0x00007ffa7edc7000 	C:\WINDOWS\System32\GDI32.dll
0x00007ffa7e1a0000 - 0x00007ffa7e328000 	C:\WINDOWS\System32\gdi32full.dll
0x00007ffa7e330000 - 0x00007ffa7e3ca000 	C:\WINDOWS\System32\msvcp_win.dll
0x00007ffa7ec50000 - 0x00007ffa7ed46000 	C:\WINDOWS\System32\ucrtbase.dll
0x00007ffa73070000 - 0x00007ffa732d7000 	C:\WINDOWS\WinSxS\amd64_microsoft.windows.common-controls_6595b64144ccf1df_6.0.15063.1155_none_40c7922129a7722b\COMCTL32.dll
0x00007ffa7ee90000 - 0x00007ffa7f189000 	C:\WINDOWS\System32\combase.dll
0x00007ffa7eb80000 - 0x00007ffa7ebea000 	C:\WINDOWS\System32\bcryptPrimitives.dll
0x00007ffa81460000 - 0x00007ffa8148d000 	C:\WINDOWS\System32\IMM32.DLL
0x00000000508d0000 - 0x00000000509a2000 	W:\programms\AndroidStudio\jre\jre\bin\msvcr100.dll
0x0000000050af0000 - 0x000000005132e000 	W:\programms\AndroidStudio\jre\jre\bin\server\jvm.dll
0x00007ffa7f480000 - 0x00007ffa7f488000 	C:\WINDOWS\System32\PSAPI.DLL
0x00007ffa6c450000 - 0x00007ffa6c459000 	C:\WINDOWS\SYSTEM32\WSOCK32.dll
0x00007ffa7f220000 - 0x00007ffa7f28c000 	C:\WINDOWS\System32\WS2_32.dll
0x00007ffa7ab70000 - 0x00007ffa7ab93000 	C:\WINDOWS\SYSTEM32\WINMM.dll
0x00007ffa76fa0000 - 0x00007ffa76faa000 	C:\WINDOWS\SYSTEM32\VERSION.dll
0x00007ffa7a820000 - 0x00007ffa7a84b000 	C:\WINDOWS\SYSTEM32\WINMMBASE.dll
0x00007ffa7ed50000 - 0x00007ffa7ed99000 	C:\WINDOWS\System32\cfgmgr32.dll
0x00007ffa79890000 - 0x00007ffa7989f000 	W:\programms\AndroidStudio\jre\jre\bin\verify.dll
0x00007ffa6c820000 - 0x00007ffa6c849000 	W:\programms\AndroidStudio\jre\jre\bin\java.dll
0x00007ffa70dd0000 - 0x00007ffa70de6000 	W:\programms\AndroidStudio\jre\jre\bin\zip.dll
0x00007ffa7fca0000 - 0x00007ffa810d8000 	C:\WINDOWS\System32\SHELL32.dll
0x00007ffa7f490000 - 0x00007ffa7f53a000 	C:\WINDOWS\System32\shcore.dll
0x00007ffa7e3d0000 - 0x00007ffa7eac1000 	C:\WINDOWS\System32\windows.storage.dll
0x00007ffa81340000 - 0x00007ffa81391000 	C:\WINDOWS\System32\shlwapi.dll
0x00007ffa7dd40000 - 0x00007ffa7dd51000 	C:\WINDOWS\System32\kernel.appcore.dll
0x00007ffa7dcb0000 - 0x00007ffa7dcfc000 	C:\WINDOWS\System32\powrprof.dll
0x00007ffa7dd20000 - 0x00007ffa7dd35000 	C:\WINDOWS\System32\profapi.dll
0x00007ffa690c0000 - 0x00007ffa690da000 	W:\programms\AndroidStudio\jre\jre\bin\net.dll
0x00007ffa7d5c0000 - 0x00007ffa7d61c000 	C:\WINDOWS\system32\mswsock.dll
0x00007ffa5ed10000 - 0x00007ffa5ed21000 	W:\programms\AndroidStudio\jre\jre\bin\nio.dll
0x00007ffa4de30000 - 0x00007ffa4de4e000 	C:\Users\Denis\.gradle\native\25\windows-amd64\native-platform.dll
0x00007ffa79190000 - 0x00007ffa7919d000 	W:\programms\AndroidStudio\jre\jre\bin\management.dll
0x00007ffa7d770000 - 0x00007ffa7d787000 	C:\WINDOWS\SYSTEM32\CRYPTSP.dll
0x00007ffa7d1e0000 - 0x00007ffa7d214000 	C:\WINDOWS\system32\rsaenh.dll
0x00007ffa7d870000 - 0x00007ffa7d895000 	C:\WINDOWS\SYSTEM32\bcrypt.dll
0x00007ffa7dbb0000 - 0x00007ffa7dbd9000 	C:\WINDOWS\SYSTEM32\USERENV.dll
0x00007ffa7d760000 - 0x00007ffa7d76b000 	C:\WINDOWS\SYSTEM32\CRYPTBASE.dll
0x00007ffa7d360000 - 0x00007ffa7d397000 	C:\WINDOWS\SYSTEM32\IPHLPAPI.DLL
0x00007ffa7f190000 - 0x00007ffa7f198000 	C:\WINDOWS\System32\NSI.dll
0x00007ffa77200000 - 0x00007ffa77216000 	C:\WINDOWS\SYSTEM32\dhcpcsvc6.DLL
0x00007ffa76f60000 - 0x00007ffa76f7a000 	C:\WINDOWS\SYSTEM32\dhcpcsvc.DLL

VM Arguments:
jvm_args: -Xmx1536m -Dfile.encoding=windows-1251 -Duser.country=RU -Duser.language=ru -Duser.variant 
java_command: org.gradle.launcher.daemon.bootstrap.GradleDaemon 4.4
java_class_path (initial): C:\Users\Denis\.gradle\wrapper\dists\gradle-4.4-all\9br9xq1tocpiv8o6njlyu5op1\gradle-4.4\lib\gradle-launcher-4.4.jar
Launcher Type: SUN_STANDARD

Environment Variables:
JAVA_HOME=C:\Program Files\Java\jdk1.8.0_141
PATH=C:\ProgramData\Oracle\Java\javapath;C:\WINDOWS\system32;C:\WINDOWS;C:\WINDOWS\System32\Wbem;C:\WINDOWS\System32\WindowsPowerShell\v1.0\;D:\maven\apache-maven-3.5.0\bin;C:\Program Files\Java\jdk1.8.0_141\bin;D:\programms\PostgreSQL\pg10\bin;D:\programms\gradle-4.5\bin;D:\Android;C:\Program Files\Calibre2\;D:\programms\Git\cmd;C:\Users\Denis\AppData\Local\Microsoft\WindowsApps;
USERNAME=Denis
OS=Windows_NT
PROCESSOR_IDENTIFIER=Intel64 Family 6 Model 69 Stepping 1, GenuineIntel



---------------  S Y S T E M  ---------------

OS: Windows 10.0 , 64 bit Build 15063 (10.0.15063.1058)

CPU:total 4 (initial active 4) (2 cores per cpu, 2 threads per core) family 6 model 69 stepping 1, cmov, cx8, fxsr, mmx, sse, sse2, sse3, ssse3, sse4.1, sse4.2, popcnt, avx, avx2, aes, clmul, erms, lzcnt, ht, tsc, tscinvbit, bmi1, bmi2

Memory: 4k page, physical 16673356k(2253808k free), swap 30390704k(4152k free)

vm_info: OpenJDK 64-Bit Server VM (25.152-b01) for windows-amd64 JRE (1.8.0_152-release-915-b01), built by "builder" with MS VC++ 10.0 (VS2010)

time: Wed Jul 25 15:32:34 2018
elapsed time: 4 seconds (0d 0h 0m 4s)

